Построение начато 19.02.2017 23:21:50.
     1>Проект "D:\VS_projects\Sapper_SFML\Minecraft\Minecraft\Minecraft.vcxproj" в узле 2 (целевые объекты build).
     1>InitializeBuildStatus:
         Создание "Release\Sapper3D.unsuccessfulbuild", так как было задано "AlwaysCreate".
       ClCompile:
         c:\Program Files (x86)\Microsoft Visual Studio 10.0\VC\bin\CL.exe /c /I"D:\SFML-2.0\include" /Zi /nologo /W3 /WX- /O2 /Oi /Oy- /GL /D SFML_DYNAMIC /D _MBCS /Gm- /EHsc /MD /GS /Gy /fp:precise /Zc:wchar_t /Zc:forScope /Fo"Release\\" /Fd"Release\vc100.pdb" /Gd /TP /analyze- /errorReport:prompt main.cpp
         main.cpp
     1>main.cpp(52): warning C4244: инициализация: преобразование "double" в "int", возможна потеря данных
     1>main.cpp(53): warning C4244: инициализация: преобразование "double" в "int", возможна потеря данных
     1>main.cpp(54): warning C4244: инициализация: преобразование "double" в "int", возможна потеря данных
     1>main.cpp(56): warning C4244: =: преобразование "double" в "float", возможна потеря данных
     1>main.cpp(57): warning C4244: =: преобразование "double" в "float", возможна потеря данных
     1>main.cpp(58): warning C4244: =: преобразование "double" в "float", возможна потеря данных
     1>main.cpp(59): warning C4244: =: преобразование "double" в "float", возможна потеря данных
     1>main.cpp(60): warning C4244: =: преобразование "double" в "float", возможна потеря данных
     1>main.cpp(61): warning C4244: =: преобразование "double" в "float", возможна потеря данных
     1>main.cpp(72): warning C4244: =: преобразование "double" в "float", возможна потеря данных
     1>main.cpp(73): warning C4244: =: преобразование "double" в "float", возможна потеря данных
     1>main.cpp(78): warning C4244: =: преобразование "double" в "float", возможна потеря данных
     1>main.cpp(79): warning C4244: =: преобразование "double" в "float", возможна потеря данных
     1>main.cpp(84): warning C4244: =: преобразование "double" в "float", возможна потеря данных
     1>main.cpp(85): warning C4244: =: преобразование "double" в "float", возможна потеря данных
     1>main.cpp(90): warning C4244: =: преобразование "double" в "float", возможна потеря данных
     1>main.cpp(91): warning C4244: =: преобразование "double" в "float", возможна потеря данных
     1>main.cpp(140): warning C4244: аргумент: преобразование "time_t" в "unsigned int", возможна потеря данных
     1>main.cpp(176): warning C4244: аргумент: преобразование "unsigned int" в "float", возможна потеря данных
     1>main.cpp(176): warning C4244: аргумент: преобразование "unsigned int" в "float", возможна потеря данных
     1>main.cpp(227): warning C4244: аргумент: преобразование "double" в "float", возможна потеря данных
     1>main.cpp(227): warning C4244: аргумент: преобразование "double" в "float", возможна потеря данных
     1>main.cpp(233): warning C4244: аргумент: преобразование "unsigned int" в "float", возможна потеря данных
     1>main.cpp(233): warning C4244: аргумент: преобразование "unsigned int" в "float", возможна потеря данных
     1>main.cpp(244): warning C4244: аргумент: преобразование "float" в "int", возможна потеря данных
     1>main.cpp(244): warning C4244: аргумент: преобразование "float" в "int", возможна потеря данных
     1>main.cpp(272): warning C4244: инициализация: преобразование "sf::Int32" в "float", возможна потеря данных
     1>main.cpp(314): warning C4244: инициализация: преобразование "double" в "int", возможна потеря данных
     1>main.cpp(315): warning C4244: инициализация: преобразование "double" в "int", возможна потеря данных
     1>main.cpp(317): warning C4244: +=: преобразование "double" в "float", возможна потеря данных
     1>main.cpp(318): warning C4244: +=: преобразование "double" в "float", возможна потеря данных
     1>main.cpp(340): warning C4244: =: преобразование "double" в "int", возможна потеря данных
     1>main.cpp(341): warning C4244: =: преобразование "double" в "int", возможна потеря данных
     1>main.cpp(342): warning C4244: =: преобразование "double" в "int", возможна потеря данных
     1>main.cpp(382): warning C4244: инициализация: преобразование "double" в "int", возможна потеря данных
     1>main.cpp(383): warning C4244: инициализация: преобразование "double" в "int", возможна потеря данных
     1>main.cpp(384): warning C4244: инициализация: преобразование "double" в "int", возможна потеря данных
     1>main.cpp(392): warning C4244: аргумент: преобразование "double" в "GLfloat", возможна потеря данных
     1>main.cpp(392): warning C4244: аргумент: преобразование "double" в "GLfloat", возможна потеря данных
     1>main.cpp(392): warning C4244: аргумент: преобразование "double" в "GLfloat", возможна потеря данных
     1>main.cpp(399): warning C4244: аргумент: преобразование "double" в "float", возможна потеря данных
     1>main.cpp(406): warning C4390: ";": обнаружен пустой контролируемый оператор; это правильно?
     1>main.cpp(406): warning C4244: аргумент: преобразование "double" в "GLfloat", возможна потеря данных
     1>main.cpp(406): warning C4244: аргумент: преобразование "double" в "GLfloat", возможна потеря данных
     1>main.cpp(406): warning C4244: аргумент: преобразование "double" в "GLfloat", возможна потеря данных
     1>main.cpp(411): warning C4244: инициализация: преобразование "double" в "int", возможна потеря данных
     1>main.cpp(412): warning C4244: инициализация: преобразование "double" в "int", возможна потеря данных
     1>main.cpp(144): warning C4102: start: неиспользованная метка
       Link:
         c:\Program Files (x86)\Microsoft Visual Studio 10.0\VC\bin\link.exe /ERRORREPORT:PROMPT /OUT:"D:\VS_projects\Sapper_SFML\Minecraft\Release\Sapper3D.exe" /NOLOGO /LIBPATH:"D:\SFML-2.0\lib" "sfml-graphics.lib" "sfml-window.lib" "sfml-system.lib" opengl32.lib glu32.lib kernel32.lib user32.lib gdi32.lib winspool.lib comdlg32.lib advapi32.lib shell32.lib ole32.lib oleaut32.lib uuid.lib odbc32.lib odbccp32.lib /MANIFEST /ManifestFile:"Release\Sapper3D.exe.intermediate.manifest" /MANIFESTUAC:"level='asInvoker' uiAccess='false'" /DEBUG /PDB:"D:\VS_projects\Sapper_SFML\Minecraft\Release\Sapper3D.pdb" /OPT:REF /OPT:ICF /LTCG /TLBID:1 /DYNAMICBASE /NXCOMPAT /IMPLIB:"D:\VS_projects\Sapper_SFML\Minecraft\Release\Sapper3D.lib" /MACHINE:X86 Release\main.obj
         Создание кода
         Создание кода завершено
         Minecraft.vcxproj -> D:\VS_projects\Sapper_SFML\Minecraft\Release\Sapper3D.exe
       Manifest:
         C:\Program Files (x86)\Microsoft SDKs\Windows\v7.0A\bin\mt.exe /nologo /verbose /outputresource:"D:\VS_projects\Sapper_SFML\Minecraft\Release\Sapper3D.exe;#1" /manifest Release\Sapper3D.exe.intermediate.manifest
       FinalizeBuildStatus:
         Файл "Release\Sapper3D.unsuccessfulbuild" удаляется.
         Обращение к "Release\Sapper3D.lastbuildstate".
     1>Построение проекта "D:\VS_projects\Sapper_SFML\Minecraft\Minecraft\Minecraft.vcxproj" завершено (целевые объекты build).

Построение успешно завершено.

Затраченное время: 00:00:02.08
