  GeneticEngine.cpp
d:\vs_projects\cartrainer learning alghorythm genetic\cartrainer\NeuralNetwork2.h(189): warning C4018: <: несоответствие типов со знаком и без знака
d:\vs_projects\cartrainer learning alghorythm genetic\cartrainer\NeuralNetwork2.h(206): warning C4018: <: несоответствие типов со знаком и без знака
d:\vs_projects\cartrainer learning alghorythm genetic\cartrainer\NeuralNetwork2.h(222): warning C4018: <: несоответствие типов со знаком и без знака
d:\vs_projects\cartrainer learning alghorythm genetic\cartrainer\NeuralNetwork2.h(225): warning C4018: >: несоответствие типов со знаком и без знака
d:\vs_projects\cartrainer learning alghorythm genetic\cartrainer\NeuralNetwork2.h(306): warning C4018: <: несоответствие типов со знаком и без знака
d:\vs_projects\cartrainer learning alghorythm genetic\cartrainer\NeuralNetwork2.h(368): warning C4018: <: несоответствие типов со знаком и без знака
d:\vs_projects\cartrainer learning alghorythm genetic\cartrainer\NeuralNetwork2.h(370): warning C4018: >: несоответствие типов со знаком и без знака
d:\vs_projects\cartrainer learning alghorythm genetic\cartrainer\NeuralNetwork2.h(388): warning C4018: <: несоответствие типов со знаком и без знака
d:\vs_projects\cartrainer learning alghorythm genetic\cartrainer\NeuralNetwork2.h(409): warning C4018: <: несоответствие типов со знаком и без знака
d:\vs_projects\cartrainer learning alghorythm genetic\cartrainer\NeuralNetwork2.h(413): warning C4018: <: несоответствие типов со знаком и без знака
d:\vs_projects\cartrainer learning alghorythm genetic\cartrainer\NeuralNetwork2.h(418): warning C4018: <: несоответствие типов со знаком и без знака
d:\vs_projects\cartrainer learning alghorythm genetic\cartrainer\NeuralNetwork2.h(435): warning C4018: <: несоответствие типов со знаком и без знака
d:\vs_projects\cartrainer learning alghorythm genetic\cartrainer\NeuralNetwork2.h(437): warning C4018: >: несоответствие типов со знаком и без знака
d:\vs_projects\cartrainer learning alghorythm genetic\cartrainer\NeuralNetwork2.h(581): warning C4018: <: несоответствие типов со знаком и без знака
GeneticEngine.cpp(26): warning C4018: <: несоответствие типов со знаком и без знака
GeneticEngine.cpp(34): warning C4018: <: несоответствие типов со знаком и без знака
GeneticEngine.cpp(36): warning C4244: инициализация: преобразование "double" в "int", возможна потеря данных
GeneticEngine.cpp(41): warning C4018: <: несоответствие типов со знаком и без знака
  Microsoft (R) Incremental Linker Version 14.00.23918.0
  Copyright (C) Microsoft Corporation.  All rights reserved.
  
  "/OUT:D:\VS_projects\CarTrainer Learning alghorythm Genetic\Release\CarTrainer.exe" "/LIBPATH:D:\libs\SFML-2.3.2_MSVC2014_x32\lib" /LIBPATH:D:\libs\Box2D\Build\vs2015\bin\x32\Release ftd2xx.lib "sfml-graphics.lib" "sfml-window.lib" "sfml-system.lib" Box2D.lib ftd2xx.lib kernel32.lib user32.lib gdi32.lib winspool.lib comdlg32.lib advapi32.lib shell32.lib ole32.lib oleaut32.lib uuid.lib odbc32.lib odbccp32.lib /MANIFEST "/MANIFESTUAC:level='asInvoker' uiAccess='false'" /manifest:embed /DEBUG "/PDB:D:\VS_projects\CarTrainer Learning alghorythm Genetic\Release\CarTrainer.pdb" /OPT:REF /OPT:ICF /LTCG:incremental /TLBID:1 /DYNAMICBASE /NXCOMPAT "/IMPLIB:D:\VS_projects\CarTrainer Learning alghorythm Genetic\Release\CarTrainer.lib" /MACHINE:X86 /SAFESEH Release\CarTrainer.res 
  Release\GeneticEngine.obj 
  Release\main.obj 
  Release\SerialClass.obj 
  Release\tinyxml2.obj 
  Release\USBUART.obj 
  Создание кода
  19 of 1485 functions ( 1.3%) were compiled, the rest were copied from previous compilation.
    0 functions were new in current compilation
    12 functions had inline decision re-evaluated but remain unchanged
  Создание кода завершено
  CarTrainer.vcxproj -> D:\VS_projects\CarTrainer Learning alghorythm Genetic\Release\CarTrainer.exe
  CarTrainer.vcxproj -> D:\VS_projects\CarTrainer Learning alghorythm Genetic\Release\CarTrainer.pdb (Full PDB)
