  main.cpp
d:\vs_projects\cartrainer learning alghorythm\cartrainer\NeuralNetwork2.h(189): warning C4018: <: несоответствие типов со знаком и без знака
d:\vs_projects\cartrainer learning alghorythm\cartrainer\NeuralNetwork2.h(206): warning C4018: <: несоответствие типов со знаком и без знака
d:\vs_projects\cartrainer learning alghorythm\cartrainer\NeuralNetwork2.h(222): warning C4018: <: несоответствие типов со знаком и без знака
d:\vs_projects\cartrainer learning alghorythm\cartrainer\NeuralNetwork2.h(225): warning C4018: >: несоответствие типов со знаком и без знака
d:\vs_projects\cartrainer learning alghorythm\cartrainer\NeuralNetwork2.h(308): warning C4018: <: несоответствие типов со знаком и без знака
d:\vs_projects\cartrainer learning alghorythm\cartrainer\NeuralNetwork2.h(370): warning C4018: <: несоответствие типов со знаком и без знака
d:\vs_projects\cartrainer learning alghorythm\cartrainer\NeuralNetwork2.h(372): warning C4018: >: несоответствие типов со знаком и без знака
d:\vs_projects\cartrainer learning alghorythm\cartrainer\NeuralNetwork2.h(390): warning C4018: <: несоответствие типов со знаком и без знака
d:\vs_projects\cartrainer learning alghorythm\cartrainer\NeuralNetwork2.h(411): warning C4018: <: несоответствие типов со знаком и без знака
d:\vs_projects\cartrainer learning alghorythm\cartrainer\NeuralNetwork2.h(415): warning C4018: <: несоответствие типов со знаком и без знака
d:\vs_projects\cartrainer learning alghorythm\cartrainer\NeuralNetwork2.h(420): warning C4018: <: несоответствие типов со знаком и без знака
d:\vs_projects\cartrainer learning alghorythm\cartrainer\NeuralNetwork2.h(437): warning C4018: <: несоответствие типов со знаком и без знака
d:\vs_projects\cartrainer learning alghorythm\cartrainer\NeuralNetwork2.h(439): warning C4018: >: несоответствие типов со знаком и без знака
d:\vs_projects\cartrainer learning alghorythm\cartrainer\NeuralNetwork2.h(583): warning C4018: <: несоответствие типов со знаком и без знака
d:\vs_projects\cartrainer learning alghorythm\cartrainer\Car.h(53): warning C4244: аргумент: преобразование "double" в "float32", возможна потеря данных
d:\vs_projects\cartrainer learning alghorythm\cartrainer\Car.h(88): warning C4244: аргумент: преобразование "double" в "float", возможна потеря данных
d:\vs_projects\cartrainer learning alghorythm\cartrainer\NeuralCar.h(64): warning C4244: аргумент: преобразование "double" в "float", возможна потеря данных
d:\vs_projects\cartrainer learning alghorythm\cartrainer\NeuralCar.h(118): warning C4244: инициализация: преобразование "double" в "int", возможна потеря данных
main.cpp(110): warning C4244: аргумент: преобразование "double" в "unsigned int", возможна потеря данных
main.cpp(121): warning C4244: инициализация: преобразование "double" в "int", возможна потеря данных
main.cpp(131): warning C4244: аргумент: преобразование "double" в "float32", возможна потеря данных
main.cpp(147): warning C4244: аргумент: преобразование "float" в "int", возможна потеря данных
main.cpp(162): warning C4244: аргумент: преобразование "float" в "int", возможна потеря данных
main.cpp(180): warning C4305: аргумент: усечение из "double" к "float32"
main.cpp(194): warning C4244: аргумент: преобразование "double" в "int", возможна потеря данных
main.cpp(195): warning C4305: аргумент: усечение из "double" к "float32"
main.cpp(264): warning C4305: аргумент: усечение из "double" к "float32"
main.cpp(279): warning C4305: аргумент: усечение из "double" к "float32"
main.cpp(291): warning C4244: аргумент: преобразование "double" в "float32", возможна потеря данных
  Microsoft (R) Incremental Linker Version 14.00.23918.0
  Copyright (C) Microsoft Corporation.  All rights reserved.
  
  "/OUT:D:\VS_projects\CarTrainer Learning alghorythm\Release\CarTrainer.exe" "/LIBPATH:D:\libs\SFML-2.3.2_MSVC2014_x32\lib" /LIBPATH:D:\libs\Box2D\Build\vs2015\bin\x32\Release ftd2xx.lib "sfml-graphics.lib" "sfml-window.lib" "sfml-system.lib" Box2D.lib ftd2xx.lib kernel32.lib user32.lib gdi32.lib winspool.lib comdlg32.lib advapi32.lib shell32.lib ole32.lib oleaut32.lib uuid.lib odbc32.lib odbccp32.lib /MANIFEST "/MANIFESTUAC:level='asInvoker' uiAccess='false'" /manifest:embed /DEBUG "/PDB:D:\VS_projects\CarTrainer Learning alghorythm\Release\CarTrainer.pdb" /OPT:REF /OPT:ICF /LTCG:incremental /TLBID:1 /DYNAMICBASE /NXCOMPAT "/IMPLIB:D:\VS_projects\CarTrainer Learning alghorythm\Release\CarTrainer.lib" /MACHINE:X86 /SAFESEH Release\CarTrainer.res 
  Release\main.obj 
  Release\SerialClass.obj 
  Release\tinyxml2.obj 
  Release\USBUART.obj 
  Создание кода
  1 of 1072 functions ( 0.1%) were compiled, the rest were copied from previous compilation.
    0 functions were new in current compilation
    0 functions had inline decision re-evaluated but remain unchanged
  Создание кода завершено
  CarTrainer.vcxproj -> D:\VS_projects\CarTrainer Learning alghorythm\Release\CarTrainer.exe
  CarTrainer.vcxproj -> D:\VS_projects\CarTrainer Learning alghorythm\Release\CarTrainer.pdb (Full PDB)
