d:\наработки к роботону\cartrainer\cartrainer\debug\vc140.pdb
d:\наработки к роботону\cartrainer\cartrainer\debug\vc140.idb
d:\наработки к роботону\cartrainer\cartrainer\debug\main.obj
d:\наработки к роботону\cartrainer\cartrainer\debug\serialclass.obj
d:\наработки к роботону\cartrainer\cartrainer\debug\tinyxml2.obj
d:\наработки к роботону\cartrainer\cartrainer\debug\usbuart.obj
d:\наработки к роботону\cartrainer\debug\cartrainer.pdb
d:\наработки к роботону\cartrainer\cartrainer\debug\cartrainer.tlog\cl.command.1.tlog
d:\наработки к роботону\cartrainer\cartrainer\debug\cartrainer.tlog\cl.read.1.tlog
d:\наработки к роботону\cartrainer\cartrainer\debug\cartrainer.tlog\cl.write.1.tlog
d:\наработки к роботону\cartrainer\cartrainer\debug\cartrainer.tlog\link-cvtres.read.1.tlog
d:\наработки к роботону\cartrainer\cartrainer\debug\cartrainer.tlog\link-cvtres.write.1.tlog
d:\наработки к роботону\cartrainer\cartrainer\debug\cartrainer.tlog\link-rc.read.1.tlog
d:\наработки к роботону\cartrainer\cartrainer\debug\cartrainer.tlog\link-rc.write.1.tlog
d:\наработки к роботону\cartrainer\cartrainer\debug\cartrainer.tlog\link.10880-cvtres.read.1.tlog
d:\наработки к роботону\cartrainer\cartrainer\debug\cartrainer.tlog\link.10880-cvtres.write.1.tlog
d:\наработки к роботону\cartrainer\cartrainer\debug\cartrainer.tlog\link.10880-rc.read.1.tlog
d:\наработки к роботону\cartrainer\cartrainer\debug\cartrainer.tlog\link.10880-rc.write.1.tlog
d:\наработки к роботону\cartrainer\cartrainer\debug\cartrainer.tlog\link.10880.delete.1.tlog
d:\наработки к роботону\cartrainer\cartrainer\debug\cartrainer.tlog\link.10880.read.1.tlog
d:\наработки к роботону\cartrainer\cartrainer\debug\cartrainer.tlog\link.10880.write.1.tlog
d:\наработки к роботону\cartrainer\cartrainer\debug\cartrainer.tlog\link.command.1.tlog
d:\наработки к роботону\cartrainer\cartrainer\debug\cartrainer.tlog\link.delete.1.tlog
d:\наработки к роботону\cartrainer\cartrainer\debug\cartrainer.tlog\link.read.1.tlog
d:\наработки к роботону\cartrainer\cartrainer\debug\cartrainer.tlog\link.write.1.tlog
