  main.cpp
d:\vs_projects\cartrainerall\cartrainer for trained cars latest\cartrainer\NeuralNetwork2.h(189): warning C4018: <: несоответствие типов со знаком и без знака
d:\vs_projects\cartrainerall\cartrainer for trained cars latest\cartrainer\NeuralNetwork2.h(206): warning C4018: <: несоответствие типов со знаком и без знака
d:\vs_projects\cartrainerall\cartrainer for trained cars latest\cartrainer\NeuralNetwork2.h(222): warning C4018: <: несоответствие типов со знаком и без знака
d:\vs_projects\cartrainerall\cartrainer for trained cars latest\cartrainer\NeuralNetwork2.h(225): warning C4018: >: несоответствие типов со знаком и без знака
d:\vs_projects\cartrainerall\cartrainer for trained cars latest\cartrainer\NeuralNetwork2.h(308): warning C4018: <: несоответствие типов со знаком и без знака
d:\vs_projects\cartrainerall\cartrainer for trained cars latest\cartrainer\NeuralNetwork2.h(370): warning C4018: <: несоответствие типов со знаком и без знака
d:\vs_projects\cartrainerall\cartrainer for trained cars latest\cartrainer\NeuralNetwork2.h(372): warning C4018: >: несоответствие типов со знаком и без знака
d:\vs_projects\cartrainerall\cartrainer for trained cars latest\cartrainer\NeuralNetwork2.h(390): warning C4018: <: несоответствие типов со знаком и без знака
d:\vs_projects\cartrainerall\cartrainer for trained cars latest\cartrainer\NeuralNetwork2.h(411): warning C4018: <: несоответствие типов со знаком и без знака
d:\vs_projects\cartrainerall\cartrainer for trained cars latest\cartrainer\NeuralNetwork2.h(415): warning C4018: <: несоответствие типов со знаком и без знака
d:\vs_projects\cartrainerall\cartrainer for trained cars latest\cartrainer\NeuralNetwork2.h(420): warning C4018: <: несоответствие типов со знаком и без знака
d:\vs_projects\cartrainerall\cartrainer for trained cars latest\cartrainer\NeuralNetwork2.h(437): warning C4018: <: несоответствие типов со знаком и без знака
d:\vs_projects\cartrainerall\cartrainer for trained cars latest\cartrainer\NeuralNetwork2.h(439): warning C4018: >: несоответствие типов со знаком и без знака
d:\vs_projects\cartrainerall\cartrainer for trained cars latest\cartrainer\NeuralNetwork2.h(583): warning C4018: <: несоответствие типов со знаком и без знака
d:\vs_projects\cartrainerall\cartrainer for trained cars latest\cartrainer\Car.h(53): warning C4244: аргумент: преобразование "double" в "float32", возможна потеря данных
d:\vs_projects\cartrainerall\cartrainer for trained cars latest\cartrainer\NeuralCar.h(59): warning C4244: аргумент: преобразование "double" в "float", возможна потеря данных
d:\vs_projects\cartrainerall\cartrainer for trained cars latest\cartrainer\NeuralCar.h(110): warning C4244: инициализация: преобразование "double" в "int", возможна потеря данных
main.cpp(82): warning C4244: =: преобразование "double" в "int", возможна потеря данных
main.cpp(89): warning C4309: аргумент: усечение константного значения
main.cpp(145): warning C4244: аргумент: преобразование "double" в "float32", возможна потеря данных
main.cpp(161): warning C4244: аргумент: преобразование "float" в "int", возможна потеря данных
main.cpp(208): warning C4309: аргумент: усечение константного значения
main.cpp(233): warning C4309: аргумент: усечение константного значения
main.cpp(248): warning C4309: аргумент: усечение константного значения
main.cpp(296): warning C4309: аргумент: усечение константного значения
main.cpp(329): warning C4244: аргумент: преобразование "double" в "float32", возможна потеря данных
  Microsoft (R) Incremental Linker Version 14.00.23918.0
  Copyright (C) Microsoft Corporation.  All rights reserved.
  
  "/OUT:D:\VS_projects\CarTrainerAll\CarTrainer for trained cars latest\Release\CarTrainer.exe" "/LIBPATH:D:\libs\SFML-2.3.2_MSVC2014_x32\lib" /LIBPATH:D:\libs\Box2D\Build\vs2015\bin\x32\Release ftd2xx.lib "sfml-graphics.lib" "sfml-window.lib" "sfml-system.lib" Box2D.lib ftd2xx.lib kernel32.lib user32.lib gdi32.lib winspool.lib comdlg32.lib advapi32.lib shell32.lib ole32.lib oleaut32.lib uuid.lib odbc32.lib odbccp32.lib /MANIFEST "/MANIFESTUAC:level='asInvoker' uiAccess='false'" /manifest:embed /DEBUG "/PDB:D:\VS_projects\CarTrainerAll\CarTrainer for trained cars latest\Release\CarTrainer.pdb" /OPT:REF /OPT:ICF /LTCG:incremental /TLBID:1 /DYNAMICBASE /NXCOMPAT "/IMPLIB:D:\VS_projects\CarTrainerAll\CarTrainer for trained cars latest\Release\CarTrainer.lib" /MACHINE:X86 /SAFESEH Release\CarTrainer.res 
  Release\main.obj 
  Release\SerialClass.obj 
  Release\tinyxml2.obj 
  Release\USBUART.obj 
  Создание кода
  8 of 928 functions ( 0.9%) were compiled, the rest were copied from previous compilation.
    0 functions were new in current compilation
    9 functions had inline decision re-evaluated but remain unchanged
  Создание кода завершено
  CarTrainer.vcxproj -> D:\VS_projects\CarTrainerAll\CarTrainer for trained cars latest\Release\CarTrainer.exe
  CarTrainer.vcxproj -> D:\VS_projects\CarTrainerAll\CarTrainer for trained cars latest\Release\CarTrainer.pdb (Full PDB)
