Build started 19.03.2016 13:24:40.
     1>Project "D:\VS_projects\FingerCounter\FingerCounter\FingerCounter.vcxproj" on node 2 (Build target(s)).
     1>ClCompile:
         C:\Program Files (x86)\Microsoft Visual Studio 14.0\VC\bin\x86_amd64\CL.exe /c /ZI /nologo /W3 /WX- /sdl /Od /D _MBCS /Gm /EHsc /RTC1 /MDd /GS /fp:precise /Zc:wchar_t /Zc:forScope /Zc:inline /Fo"x64\Debug\\" /Fd"x64\Debug\vc140.pdb" /Gd /TP /errorReport:prompt main.cpp
         main.cpp
     1>d:\vs_projects\fingercounter\fingercounter\main.cpp(77): warning C4244: 'initializing': conversion from 'int' to 'float', possible loss of data
     1>d:\vs_projects\fingercounter\fingercounter\main.cpp(78): warning C4244: '*=': conversion from 'float' to 'int', possible loss of data
     1>d:\vs_projects\fingercounter\fingercounter\main.cpp(79): warning C4244: '*=': conversion from 'float' to 'int', possible loss of data
     1>d:\vs_projects\fingercounter\fingercounter\main.cpp(80): warning C4244: '*=': conversion from 'float' to 'int', possible loss of data
     1>d:\vs_projects\fingercounter\fingercounter\main.cpp(81): warning C4244: '*=': conversion from 'float' to 'int', possible loss of data
     1>d:\vs_projects\fingercounter\fingercounter\main.cpp(114): warning C4244: 'argument': conversion from 'float' to 'int', possible loss of data
     1>d:\vs_projects\fingercounter\fingercounter\main.cpp(128): warning C4244: '*=': conversion from 'float' to 'int', possible loss of data
     1>d:\vs_projects\fingercounter\fingercounter\main.cpp(129): warning C4244: '*=': conversion from 'float' to 'int', possible loss of data
     1>d:\vs_projects\fingercounter\fingercounter\main.cpp(130): warning C4244: '*=': conversion from 'float' to 'int', possible loss of data
     1>d:\vs_projects\fingercounter\fingercounter\main.cpp(131): warning C4244: '*=': conversion from 'float' to 'int', possible loss of data
       Link:
         C:\Program Files (x86)\Microsoft Visual Studio 14.0\VC\bin\x86_amd64\link.exe /ERRORREPORT:PROMPT /OUT:"D:\VS_projects\FingerCounter\x64\Debug\FingerCounter.exe" /INCREMENTAL /NOLOGO opencv_ts300d.lib opencv_world300d.lib kernel32.lib user32.lib gdi32.lib winspool.lib comdlg32.lib advapi32.lib shell32.lib ole32.lib oleaut32.lib uuid.lib odbc32.lib odbccp32.lib /MANIFEST /MANIFESTUAC:"level='asInvoker' uiAccess='false'" /manifest:embed /Debug /PDB:"D:\VS_projects\FingerCounter\x64\Debug\FingerCounter.pdb" /TLBID:1 /DYNAMICBASE /NXCOMPAT /IMPLIB:"D:\VS_projects\FingerCounter\x64\Debug\FingerCounter.lib" /MACHINE:X64 x64\Debug\main.obj
         FingerCounter.vcxproj -> D:\VS_projects\FingerCounter\x64\Debug\FingerCounter.exe
     1>Done Building Project "D:\VS_projects\FingerCounter\FingerCounter\FingerCounter.vcxproj" (Build target(s)).

Build succeeded.

Time Elapsed 00:00:02.92
