e:\cartrainer\cartrainer\x64\release\vc140.pdb
e:\cartrainer\cartrainer\x64\release\tinyxml2.obj
e:\cartrainer\cartrainer\x64\release\serialclass.obj
e:\cartrainer\cartrainer\x64\release\main.obj
d:\vs_projects\cartrainer_latest рабочая скоростная\cartrainer\x64\release\vc140.pdb
d:\vs_projects\cartrainer_latest рабочая скоростная\cartrainer\x64\release\usbuart.obj
d:\vs_projects\cartrainer_latest рабочая скоростная\cartrainer\x64\release\tinyxml2.obj
d:\vs_projects\cartrainer_latest рабочая скоростная\cartrainer\x64\release\serialclass.obj
d:\vs_projects\cartrainer_latest рабочая скоростная\cartrainer\x64\release\main.obj
e:\cartrainer\x64\release\cartrainer.exe
e:\cartrainer\x64\release\cartrainer.ipdb
e:\cartrainer\x64\release\cartrainer.iobj
e:\cartrainer\x64\release\cartrainer.pdb
d:\vs_projects\cartrainer_latest рабочая скоростная\cartrainer\x64\release\cartrainer.res
d:\vs_projects\cartrainer_latest рабочая скоростная\x64\release\cartrainer.pdb
d:\vs_projects\cartrainer_latest рабочая скоростная\cartrainer\x64\release\cartrainer.tlog\cl.command.1.tlog
d:\vs_projects\cartrainer_latest рабочая скоростная\cartrainer\x64\release\cartrainer.tlog\cl.read.1.tlog
d:\vs_projects\cartrainer_latest рабочая скоростная\cartrainer\x64\release\cartrainer.tlog\cl.write.1.tlog
d:\vs_projects\cartrainer_latest рабочая скоростная\cartrainer\x64\release\cartrainer.tlog\link.command.1.tlog
d:\vs_projects\cartrainer_latest рабочая скоростная\cartrainer\x64\release\cartrainer.tlog\link.read.1.tlog
d:\vs_projects\cartrainer_latest рабочая скоростная\cartrainer\x64\release\cartrainer.tlog\link.write.1.tlog
d:\vs_projects\cartrainer_latest рабочая скоростная\cartrainer\x64\release\cartrainer.tlog\rc.command.1.tlog
d:\vs_projects\cartrainer_latest рабочая скоростная\cartrainer\x64\release\cartrainer.tlog\rc.read.1.tlog
d:\vs_projects\cartrainer_latest рабочая скоростная\cartrainer\x64\release\cartrainer.tlog\rc.write.1.tlog
