  main.cpp
d:\vs_projects\cartrainer_latest рабочая скоростная\cartrainer\NeuralNetwork2.h(189): warning C4018: <: несоответствие типов со знаком и без знака
d:\vs_projects\cartrainer_latest рабочая скоростная\cartrainer\NeuralNetwork2.h(206): warning C4018: <: несоответствие типов со знаком и без знака
d:\vs_projects\cartrainer_latest рабочая скоростная\cartrainer\NeuralNetwork2.h(222): warning C4018: <: несоответствие типов со знаком и без знака
d:\vs_projects\cartrainer_latest рабочая скоростная\cartrainer\NeuralNetwork2.h(225): warning C4018: >: несоответствие типов со знаком и без знака
d:\vs_projects\cartrainer_latest рабочая скоростная\cartrainer\NeuralNetwork2.h(308): warning C4018: <: несоответствие типов со знаком и без знака
d:\vs_projects\cartrainer_latest рабочая скоростная\cartrainer\NeuralNetwork2.h(370): warning C4018: <: несоответствие типов со знаком и без знака
d:\vs_projects\cartrainer_latest рабочая скоростная\cartrainer\NeuralNetwork2.h(372): warning C4018: >: несоответствие типов со знаком и без знака
d:\vs_projects\cartrainer_latest рабочая скоростная\cartrainer\NeuralNetwork2.h(390): warning C4018: <: несоответствие типов со знаком и без знака
d:\vs_projects\cartrainer_latest рабочая скоростная\cartrainer\NeuralNetwork2.h(411): warning C4018: <: несоответствие типов со знаком и без знака
d:\vs_projects\cartrainer_latest рабочая скоростная\cartrainer\NeuralNetwork2.h(415): warning C4018: <: несоответствие типов со знаком и без знака
d:\vs_projects\cartrainer_latest рабочая скоростная\cartrainer\NeuralNetwork2.h(420): warning C4018: <: несоответствие типов со знаком и без знака
d:\vs_projects\cartrainer_latest рабочая скоростная\cartrainer\NeuralNetwork2.h(437): warning C4018: <: несоответствие типов со знаком и без знака
d:\vs_projects\cartrainer_latest рабочая скоростная\cartrainer\NeuralNetwork2.h(439): warning C4018: >: несоответствие типов со знаком и без знака
d:\vs_projects\cartrainer_latest рабочая скоростная\cartrainer\NeuralNetwork2.h(583): warning C4018: <: несоответствие типов со знаком и без знака
d:\vs_projects\cartrainer_latest рабочая скоростная\cartrainer\Car.h(29): warning C4244: аргумент: преобразование "double" в "float32", возможна потеря данных
main.cpp(105): warning C4244: аргумент: преобразование "double" в "float32", возможна потеря данных
main.cpp(165): warning C4309: аргумент: усечение константного значения
main.cpp(186): warning C4309: аргумент: усечение константного значения
main.cpp(235): warning C4018: <: несоответствие типов со знаком и без знака
main.cpp(174): warning C4390: ";": обнаружен пустой контролируемый оператор; это правильно?
  Microsoft (R) Incremental Linker Version 14.00.23918.0
  Copyright (C) Microsoft Corporation.  All rights reserved.
  
  "/OUT:D:\VS_projects\CarTrainer_latest рабочая скоростная\Release\CarTrainer.exe" "/LIBPATH:D:\libs\SFML-2.3.2_MSVC2014_x32\lib" /LIBPATH:D:\libs\Box2D\Build\vs2015\bin\x32\Release ftd2xx.lib "sfml-graphics.lib" "sfml-window.lib" "sfml-system.lib" Box2D.lib ftd2xx.lib kernel32.lib user32.lib gdi32.lib winspool.lib comdlg32.lib advapi32.lib shell32.lib ole32.lib oleaut32.lib uuid.lib odbc32.lib odbccp32.lib /MANIFEST "/MANIFESTUAC:level='asInvoker' uiAccess='false'" /manifest:embed /DEBUG "/PDB:D:\VS_projects\CarTrainer_latest рабочая скоростная\Release\CarTrainer.pdb" /OPT:REF /OPT:ICF /LTCG:incremental /TLBID:1 /DYNAMICBASE /NXCOMPAT "/IMPLIB:D:\VS_projects\CarTrainer_latest рабочая скоростная\Release\CarTrainer.lib" /MACHINE:X86 /SAFESEH Release\CarTrainer.res 
  Release\main.obj 
  Release\SerialClass.obj 
  Release\tinyxml2.obj 
  Release\USBUART.obj 
  Создание кода
  2 of 1061 functions ( 0.2%) were compiled, the rest were copied from previous compilation.
    0 functions were new in current compilation
    3 functions had inline decision re-evaluated but remain unchanged
  Создание кода завершено
  CarTrainer.vcxproj -> D:\VS_projects\CarTrainer_latest рабочая скоростная\Release\CarTrainer.exe
  CarTrainer.vcxproj -> D:\VS_projects\CarTrainer_latest рабочая скоростная\Release\CarTrainer.pdb (Full PDB)
